[debug] [2025-01-15T05:40:17.664Z] ----------------------------------------------------------------------
[debug] [2025-01-15T05:40:17.665Z] Command:       /home/jacob/.nvm/versions/node/v22.13.0/bin/node /home/jacob/.nvm/versions/node/v22.13.0/bin/firebase init
[debug] [2025-01-15T05:40:17.665Z] CLI Version:   13.29.1
[debug] [2025-01-15T05:40:17.665Z] Platform:      linux
[debug] [2025-01-15T05:40:17.665Z] Node Version:  v22.13.0
[debug] [2025-01-15T05:40:17.666Z] Time:          Wed Jan 15 2025 14:40:17 GMT+0900 (Korean Standard Time)
[debug] [2025-01-15T05:40:17.666Z] ----------------------------------------------------------------------
[debug] 
[debug] [2025-01-15T05:40:17.695Z] > command requires scopes: ["email","openid","https://www.googleapis.com/auth/cloudplatformprojects.readonly","https://www.googleapis.com/auth/firebase","https://www.googleapis.com/auth/cloud-platform"]
[debug] [2025-01-15T05:40:17.695Z] > authorizing via signed-in user (jacob8753@gmail.com)
[info] 
     ######## #### ########  ######## ########     ###     ######  ########
     ##        ##  ##     ## ##       ##     ##  ##   ##  ##       ##
     ######    ##  ########  ######   ########  #########  ######  ######
     ##        ##  ##    ##  ##       ##     ## ##     ##       ## ##
     ##       #### ##     ## ######## ########  ##     ##  ######  ########

You're about to initialize a Firebase project in this directory:

  /home/jacob/code/jacob-53.github.io

Before we get started, keep in mind:

  * You are initializing within an existing Firebase project directory

[info] 
=== Project Setup
[info] 
[info] First, let's associate this project directory with a Firebase project.
[info] You can create multiple project aliases by running firebase use --add, 
[info] but for now we'll just set up a default project.
[info] 
[debug] [2025-01-15T05:44:35.704Z] Using project from CLI flag: oss-cashmallow
[debug] [2025-01-15T05:44:35.705Z] Checked if tokens are valid: true, expires at: 1736923047959
[debug] [2025-01-15T05:44:35.705Z] Checked if tokens are valid: true, expires at: 1736923047959
[debug] [2025-01-15T05:44:35.706Z] >>> [apiv2][query] GET https://firebase.googleapis.com/v1beta1/projects/oss-cashmallow [none]
[debug] [2025-01-15T05:44:36.310Z] <<< [apiv2][status] GET https://firebase.googleapis.com/v1beta1/projects/oss-cashmallow 403
[debug] [2025-01-15T05:44:36.310Z] <<< [apiv2][body] GET https://firebase.googleapis.com/v1beta1/projects/oss-cashmallow {"error":{"code":403,"message":"The caller does not have permission","status":"PERMISSION_DENIED"}}
[debug] [2025-01-15T05:44:36.311Z] Request to https://firebase.googleapis.com/v1beta1/projects/oss-cashmallow had HTTP Error: 403, The caller does not have permission
[debug] [2025-01-15T05:44:36.578Z] FirebaseError: Request to https://firebase.googleapis.com/v1beta1/projects/oss-cashmallow had HTTP Error: 403, The caller does not have permission
    at responseToError (/home/jacob/.nvm/versions/node/v22.13.0/lib/node_modules/firebase-tools/lib/responseToError.js:52:12)
    at RetryOperation._fn (/home/jacob/.nvm/versions/node/v22.13.0/lib/node_modules/firebase-tools/lib/apiv2.js:312:77)
    at process.processTicksAndRejections (node:internal/process/task_queues:105:5)
[error] 
[error] Error: Failed to get Firebase project oss-cashmallow. Please make sure the project exists and your account has permission to access it.
